Determining if the pthread_create exist failed with the following output:
Change Dir: /home/dox/Algorithm/mtcnn-shell/mtcnn_shell/build/CMakeFiles/CMakeTmp

Run Build Command:"/usr/bin/make" "cmTC_27e57/fast"
/usr/bin/make -f CMakeFiles/cmTC_27e57.dir/build.make CMakeFiles/cmTC_27e57.dir/build
make[1]: Entering directory '/home/dox/Algorithm/mtcnn-shell/mtcnn_shell/build/CMakeFiles/CMakeTmp'
/usr/bin/cmake: /home/dox/anaconda2/lib/libcurl.so.4: no version information available (required by /usr/bin/cmake)
Building C object CMakeFiles/cmTC_27e57.dir/CheckSymbolExists.c.o
/usr/bin/cc    -fPIC    -o CMakeFiles/cmTC_27e57.dir/CheckSymbolExists.c.o   -c /home/dox/Algorithm/mtcnn-shell/mtcnn_shell/build/CMakeFiles/CMakeTmp/CheckSymbolExists.c
/usr/bin/cmake: /home/dox/anaconda2/lib/libcurl.so.4: no version information available (required by /usr/bin/cmake)
Linking C executable cmTC_27e57
/usr/bin/cmake -E cmake_link_script CMakeFiles/cmTC_27e57.dir/link.txt --verbose=1
/usr/bin/cmake: /home/dox/anaconda2/lib/libcurl.so.4: no version information available (required by /usr/bin/cmake)
/usr/bin/cc  -fPIC     CMakeFiles/cmTC_27e57.dir/CheckSymbolExists.c.o  -o cmTC_27e57 -rdynamic 
CMakeFiles/cmTC_27e57.dir/CheckSymbolExists.c.o: In function `main':
CheckSymbolExists.c:(.text+0x1b): undefined reference to `pthread_create'
collect2: error: ld returned 1 exit status
CMakeFiles/cmTC_27e57.dir/build.make:97: recipe for target 'cmTC_27e57' failed
make[1]: *** [cmTC_27e57] Error 1
make[1]: Leaving directory '/home/dox/Algorithm/mtcnn-shell/mtcnn_shell/build/CMakeFiles/CMakeTmp'
Makefile:126: recipe for target 'cmTC_27e57/fast' failed
make: *** [cmTC_27e57/fast] Error 2

File /home/dox/Algorithm/mtcnn-shell/mtcnn_shell/build/CMakeFiles/CMakeTmp/CheckSymbolExists.c:
/* */
#include <pthread.h>

int main(int argc, char** argv)
{
  (void)argv;
#ifndef pthread_create
  return ((int*)(&pthread_create))[argc];
#else
  (void)argc;
  return 0;
#endif
}

Determining if the function pthread_create exists in the pthreads failed with the following output:
Change Dir: /home/dox/Algorithm/mtcnn-shell/mtcnn_shell/build/CMakeFiles/CMakeTmp

Run Build Command:"/usr/bin/make" "cmTC_cb91c/fast"
/usr/bin/make -f CMakeFiles/cmTC_cb91c.dir/build.make CMakeFiles/cmTC_cb91c.dir/build
make[1]: Entering directory '/home/dox/Algorithm/mtcnn-shell/mtcnn_shell/build/CMakeFiles/CMakeTmp'
/usr/bin/cmake: /home/dox/anaconda2/lib/libcurl.so.4: no version information available (required by /usr/bin/cmake)
Building C object CMakeFiles/cmTC_cb91c.dir/CheckFunctionExists.c.o
/usr/bin/cc    -fPIC -DCHECK_FUNCTION_EXISTS=pthread_create   -o CMakeFiles/cmTC_cb91c.dir/CheckFunctionExists.c.o   -c /usr/share/cmake-3.5/Modules/CheckFunctionExists.c
/usr/bin/cmake: /home/dox/anaconda2/lib/libcurl.so.4: no version information available (required by /usr/bin/cmake)
Linking C executable cmTC_cb91c
/usr/bin/cmake -E cmake_link_script CMakeFiles/cmTC_cb91c.dir/link.txt --verbose=1
/usr/bin/cmake: /home/dox/anaconda2/lib/libcurl.so.4: no version information available (required by /usr/bin/cmake)
/usr/bin/cc  -fPIC -DCHECK_FUNCTION_EXISTS=pthread_create    CMakeFiles/cmTC_cb91c.dir/CheckFunctionExists.c.o  -o cmTC_cb91c -rdynamic -lpthreads 
/usr/bin/ld: cannot find -lpthreads
collect2: error: ld returned 1 exit status
CMakeFiles/cmTC_cb91c.dir/build.make:97: recipe for target 'cmTC_cb91c' failed
make[1]: *** [cmTC_cb91c] Error 1
make[1]: Leaving directory '/home/dox/Algorithm/mtcnn-shell/mtcnn_shell/build/CMakeFiles/CMakeTmp'
Makefile:126: recipe for target 'cmTC_cb91c/fast' failed
make: *** [cmTC_cb91c/fast] Error 2


